<?xml version="1.0" encoding="UTF-8"?>
<!-- Generated by org.testng.reporters.JUnitReportReporter -->
<testsuite hostname="IT302980" name="testNGMethods.TestAttributes" tests="4" failures="0" timestamp="13 Jan 2021 07:06:06 GMT" time="18.828" errors="0">
  <testcase name="verifyLogout" time="2.735" classname="testNGMethods.TestAttributes"/>
  <testcase name="setUp" time="10.912" classname="testNGMethods.TestAttributes"/>
  <testcase name="verifyLogin" time="4.477" classname="testNGMethods.TestAttributes"/>
  <testcase name="tearDown" time="0.704" classname="testNGMethods.TestAttributes"/>
</testsuite> <!-- testNGMethods.TestAttributes -->
