<?xml version="1.0" encoding="UTF-8"?>
<!-- Generated by org.testng.reporters.JUnitReportReporter -->
<testsuite hostname="IT302980" name="testNGMethods.DataProviderTest" tests="3" failures="0" timestamp="13 Jan 2021 04:46:33 GMT" time="53.622" errors="0">
  <testcase name="verifyLoginandLogout" time="17.848" classname="testNGMethods.DataProviderTest"/>
  <testcase name="verifyLoginandLogout" time="17.841" classname="testNGMethods.DataProviderTest"/>
  <testcase name="verifyLoginandLogout" time="17.933" classname="testNGMethods.DataProviderTest"/>
</testsuite> <!-- testNGMethods.DataProviderTest -->
