<?xml version="1.0" encoding="UTF-8"?>
<!-- Generated by org.testng.reporters.JUnitReportReporter -->
<testsuite hostname="IT302980" name="testNGMethods.BeforeAfterTest" tests="1" failures="0" timestamp="13 Jan 2021 06:56:11 GMT" time="7.378" errors="0">
  <testcase name="verifyLoginAndLogout" time="7.378" classname="testNGMethods.BeforeAfterTest"/>
</testsuite> <!-- testNGMethods.BeforeAfterTest -->
