<?xml version="1.0" encoding="UTF-8"?>
<!-- Generated by org.testng.reporters.JUnitReportReporter -->
<testsuite hostname="IT302980" name="testNGMethods.ParameterSuiteLevel" tests="3" failures="0" timestamp="13 Jan 2021 07:34:40 GMT" time="0.000" errors="0">
  <testcase name="prameterTestTwo" time="0.000" classname="testNGMethods.ParameterSuiteLevel"/>
  <testcase name="prameterTestThree" time="0.000" classname="testNGMethods.ParameterSuiteLevel"/>
  <testcase name="prameterTestOne" time="0.000" classname="testNGMethods.ParameterSuiteLevel"/>
</testsuite> <!-- testNGMethods.ParameterSuiteLevel -->
