<?xml version="1.0" encoding="UTF-8"?>
<!-- Generated by org.testng.reporters.JUnitReportReporter -->
<testsuite hostname="IT302980" name="testNGMethods.DataProviderWithExcel" tests="3" failures="0" timestamp="14 Jan 2021 04:03:35 GMT" time="99.539" errors="0">
  <testcase name="verifyLoginandLogout" time="34.568" classname="testNGMethods.DataProviderWithExcel"/>
  <testcase name="verifyLoginandLogout" time="36.283" classname="testNGMethods.DataProviderWithExcel"/>
  <testcase name="verifyLoginandLogout" time="28.688" classname="testNGMethods.DataProviderWithExcel"/>
</testsuite> <!-- testNGMethods.DataProviderWithExcel -->
