<?xml version="1.0" encoding="UTF-8"?>
<!-- Generated by org.testng.reporters.JUnitReportReporter -->
<testsuite hostname="IT302980" name="testNGMethods.ParameterTestLevel" tests="4" failures="0" timestamp="13 Jan 2021 04:06:36 GMT" time="18.064" errors="0">
  <testcase name="tearDown" time="0.627" classname="testNGMethods.ParameterTestLevel"/>
  <testcase name="setUp" time="10.002" classname="testNGMethods.ParameterTestLevel"/>
  <testcase name="verifyLogin" time="4.927" classname="testNGMethods.ParameterTestLevel"/>
  <testcase name="verifyLogout" time="2.508" classname="testNGMethods.ParameterTestLevel"/>
</testsuite> <!-- testNGMethods.ParameterTestLevel -->
