<?xml version="1.0" encoding="UTF-8"?>
<!-- Generated by org.testng.reporters.JUnitReportReporter -->
<testsuite hostname="IT302980" name="testNGMethods.FirstTestUsingTestNG" tests="1" failures="0" timestamp="13 Jan 2021 06:53:47 GMT" time="26.725" errors="0">
  <testcase name="login" time="26.725" classname="testNGMethods.FirstTestUsingTestNG"/>
</testsuite> <!-- testNGMethods.FirstTestUsingTestNG -->
