<?xml version="1.0" encoding="UTF-8"?>
<!-- Generated by org.testng.reporters.JUnitReportReporter -->
<testsuite hostname="IT302980" name="testNGMethods.TestNGAnnotations" tests="1" failures="0" timestamp="13 Jan 2021 06:57:50 GMT" time="0.000" errors="0">
  <testcase name="test1" time="0.000" classname="testNGMethods.TestNGAnnotations"/>
</testsuite> <!-- testNGMethods.TestNGAnnotations -->
