<?xml version="1.0" encoding="UTF-8"?>
<!-- Generated by org.testng.reporters.JUnitReportReporter -->
<testsuite hostname="IT302980" name="testNGMethods.Grouping" tests="3" failures="0" timestamp="13 Jan 2021 07:14:59 GMT" time="0.000" errors="0">
  <testcase name="search" time="0.000" classname="testNGMethods.Grouping"/>
  <testcase name="searchFromDropdown" time="0.000" classname="testNGMethods.Grouping"/>
  <testcase name="contentUpdate" time="0.000" classname="testNGMethods.Grouping"/>
</testsuite> <!-- testNGMethods.Grouping -->
